<?xml version="1.0" encoding="UTF-8"?>
<testsuite xmlns:xsi="http://www.w3.org/2001/XMLSchema-instance" xsi:noNamespaceSchemaLocation="https://maven.apache.org/surefire/maven-surefire-plugin/xsd/surefire-test-report.xsd" version="3.0.2" name="com.edgecloud.gateway.EdgecloudApiGatewayApplicationTests" time="5.401" tests="1" errors="0" skipped="0" failures="0" flakes="0">
  <properties>
[...]
</properties>
  <testcase name="contextLoads" classname="com.edgecloud.gateway.EdgecloudApiGatewayApplicationTests" time="0.401">
    <system-out><![CDATA[01:54:50.734 [main] INFO org.springframework.test.context.support.AnnotationConfigContextLoaderUtils -- Could not detect default configuration classes for test class [com.edgecloud.gateway.EdgecloudApiGatewayApplicationTests]: EdgecloudApiGatewayApplicationTests does not declare any static, non-private, non-final, nested classes annotated with @Configuration.
01:54:50.783 [main] INFO org.springframework.boot.test.context.SpringBootTestContextBootstrapper -- Found @SpringBootConfiguration com.edgecloud.gateway.EdgecloudApiGatewayApplication for test class com.edgecloud.gateway.EdgecloudApiGatewayApplicationTests
01:54:50.973 [main] INFO org.springframework.boot.devtools.restart.RestartApplicationListener -- Restart disabled due to context in which it is running

  .   ____          _            __ _ _
 /\\ / ___'_ __ _ _(_)_ __  __ _ \ \ \ \
( ( )\___ | '_ | '_| | '_ \/ _` | \ \ \ \
 \\/  ___)| |_)| | | | | || (_| |  ) ) ) )
  '  |____| .__|_| |_|_| |_\__, | / / / /
 =========|_|==============|___/=/_/_/_/

 :: Spring Boot ::               (v3.5.14)

2026-05-27T01:54:52.183+01:00  INFO 11336 --- [edgecloud-api-gateway] [           main] .e.g.EdgecloudApiGatewayApplicationTests : Starting EdgecloudApiGatewayApplicationTests using Java 21.0.9 with PID 11336 (started by taflouk in /Users/taflouk/Desktop/edgecloud-api-gateway)
2026-05-27T01:54:52.183+01:00  INFO 11336 --- [edgecloud-api-gateway] [           main] .e.g.EdgecloudApiGatewayApplicationTests : No active profile set, falling back to 1 default profile: "default"
2026-05-27T01:54:52.738+01:00  INFO 11336 --- [edgecloud-api-gateway] [           main] o.s.cloud.context.scope.GenericScope     : BeanFactory id=85f92be0-0ddf-3e35-bbf1-498e1fb70386
2026-05-27T01:54:54.105+01:00  INFO 11336 --- [edgecloud-api-gateway] [           main] o.s.cloud.commons.util.InetUtils         : Cannot determine local hostname
2026-05-27T01:54:55.277+01:00  INFO 11336 --- [edgecloud-api-gateway] [           main] o.s.cloud.commons.util.InetUtils         : Cannot determine local hostname
2026-05-27T01:54:55.307+01:00  INFO 11336 --- [edgecloud-api-gateway] [           main] DiscoveryClientOptionalArgsConfiguration : Eureka HTTP Client uses RestTemplate.
2026-05-27T01:54:55.435+01:00  WARN 11336 --- [edgecloud-api-gateway] [           main] iguration$LoadBalancerCaffeineWarnLogger : Spring Cloud LoadBalancer is currently working with the default cache. While this cache implementation is useful for development and tests, it's recommended to use Caffeine cache in production.You can switch to using Caffeine cache, by adding it and org.springframework.cache.caffeine.CaffeineCacheManager to the classpath.
2026-05-27T01:54:55.440+01:00  INFO 11336 --- [edgecloud-api-gateway] [           main] o.s.b.a.e.web.EndpointLinksResolver      : Exposing 2 endpoints beneath base path '/actuator'
2026-05-27T01:54:55.464+01:00  INFO 11336 --- [edgecloud-api-gateway] [           main] o.s.c.n.eureka.InstanceInfoFactory       : Setting initial instance status as: STARTING
2026-05-27T01:54:55.474+01:00  INFO 11336 --- [edgecloud-api-gateway] [           main] com.netflix.discovery.DiscoveryClient    : Initializing Eureka in region us-east-1
2026-05-27T01:54:55.476+01:00  INFO 11336 --- [edgecloud-api-gateway] [           main] c.n.d.s.r.aws.ConfigClusterResolver      : Resolving eureka endpoints via configuration
2026-05-27T01:54:55.480+01:00  INFO 11336 --- [edgecloud-api-gateway] [           main] com.netflix.discovery.DiscoveryClient    : Disable delta property : false
2026-05-27T01:54:55.480+01:00  INFO 11336 --- [edgecloud-api-gateway] [           main] com.netflix.discovery.DiscoveryClient    : Single vip registry refresh property : null
2026-05-27T01:54:55.480+01:00  INFO 11336 --- [edgecloud-api-gateway] [           main] com.netflix.discovery.DiscoveryClient    : Force full registry fetch : false
2026-05-27T01:54:55.480+01:00  INFO 11336 --- [edgecloud-api-gateway] [           main] com.netflix.discovery.DiscoveryClient    : Application is null : false
2026-05-27T01:54:55.480+01:00  INFO 11336 --- [edgecloud-api-gateway] [           main] com.netflix.discovery.DiscoveryClient    : Registered Applications size is zero : true
2026-05-27T01:54:55.480+01:00  INFO 11336 --- [edgecloud-api-gateway] [           main] com.netflix.discovery.DiscoveryClient    : Application version is -1: true
2026-05-27T01:54:55.480+01:00  INFO 11336 --- [edgecloud-api-gateway] [           main] com.netflix.discovery.DiscoveryClient    : Getting all instance registry info from the eureka server
2026-05-27T01:54:55.593+01:00  INFO 11336 --- [edgecloud-api-gateway] [           main] com.netflix.discovery.DiscoveryClient    : The response status is 200
2026-05-27T01:54:55.594+01:00  INFO 11336 --- [edgecloud-api-gateway] [           main] com.netflix.discovery.DiscoveryClient    : Starting heartbeat executor: renew interval is: 30
2026-05-27T01:54:55.594+01:00  INFO 11336 --- [edgecloud-api-gateway] [           main] c.n.discovery.InstanceInfoReplicator     : InstanceInfoReplicator onDemand update allowed rate per min is 4
2026-05-27T01:54:55.595+01:00  INFO 11336 --- [edgecloud-api-gateway] [           main] com.netflix.discovery.DiscoveryClient    : Discovery Client initialized at timestamp 1779843295595 with initial instances count: 1
2026-05-27T01:54:55.597+01:00  INFO 11336 --- [edgecloud-api-gateway] [           main] o.s.c.n.e.s.EurekaServiceRegistry        : Registering application EDGECLOUD-API-GATEWAY with eureka with status UP
2026-05-27T01:54:55.597+01:00  INFO 11336 --- [edgecloud-api-gateway] [           main] com.netflix.discovery.DiscoveryClient    : Saw local status change event StatusChangeEvent [timestamp=1779843295597, current=UP, previous=STARTING]
2026-05-27T01:54:55.597+01:00  INFO 11336 --- [edgecloud-api-gateway] [foReplicator-%d] com.netflix.discovery.DiscoveryClient    : DiscoveryClient_EDGECLOUD-API-GATEWAY/localhost:edgecloud-api-gateway:8080: registering service...
2026-05-27T01:54:55.608+01:00  INFO 11336 --- [edgecloud-api-gateway] [           main] .e.g.EdgecloudApiGatewayApplicationTests : Started EdgecloudApiGatewayApplicationTests in 4.641 seconds (process running for 5.194)
2026-05-27T01:54:55.627+01:00  INFO 11336 --- [edgecloud-api-gateway] [foReplicator-%d] com.netflix.discovery.DiscoveryClient    : DiscoveryClient_EDGECLOUD-API-GATEWAY/localhost:edgecloud-api-gateway:8080 - registration status: 204
]]></system-out>
    <system-err><![CDATA[Mockito is currently self-attaching to enable the inline-mock-maker. This will no longer work in future releases of the JDK. Please add Mockito as an agent to your build as described in Mockito's documentation: https://javadoc.io/doc/org.mockito/mockito-core/latest/org.mockito/org/mockito/Mockito.html#0.3
WARNING: A Java agent has been loaded dynamically (/Users/taflouk/.m2/repository/net/bytebuddy/byte-buddy-agent/1.17.8/byte-buddy-agent-1.17.8.jar)
WARNING: If a serviceability tool is in use, please run with -XX:+EnableDynamicAgentLoading to hide this warning
WARNING: If a serviceability tool is not in use, please run with -Djdk.instrument.traceUsage for more information
WARNING: Dynamic loading of agents will be disallowed by default in a future release
]]></system-err>
  </testcase>
</testsuite>